<?xml version="1.0" encoding="UTF-8"?>
<testsuite name="Test" tests="1" skipped="0" failures="0" errors="0" timestamp="2016-07-16T08:55:07" hostname="chenbojian.local" time="0.0">
  <properties/>
  <testcase name="test_1_1" classname="Test" time="0.0"/>
  <system-out><![CDATA[]]></system-out>
  <system-err><![CDATA[]]></system-err>
</testsuite>
